*   Trying 202.60.9.130:443...
* TCP_NODELAY set
* Connected to pay.7-eleven.com.ph (202.60.9.130) port 443 (#0)
* ALPN, offering h2
* ALPN, offering http/1.1
* successfully set certificate verify locations:
*   CAfile: /etc/ssl/certs/ca-certificates.crt
  CApath: /etc/ssl/certs
} [5 bytes data]
* TLSv1.3 (OUT), TLS handshake, Client hello (1):
} [512 bytes data]
* TLSv1.3 (IN), TLS handshake, Server hello (2):
{ [122 bytes data]
* TLSv1.3 (IN), TLS handshake, Encrypted Extensions (8):
{ [10 bytes data]
* TLSv1.3 (IN), TLS handshake, Certificate (11):
{ [5151 bytes data]
* TLSv1.3 (IN), TLS handshake, CERT verify (15):
{ [264 bytes data]
* TLSv1.3 (IN), TLS handshake, Finished (20):
{ [52 bytes data]
* TLSv1.3 (OUT), TLS change cipher, Change cipher spec (1):
} [1 bytes data]
* TLSv1.3 (OUT), TLS handshake, Finished (20):
} [52 bytes data]
* SSL connection using TLSv1.3 / TLS_AES_256_GCM_SHA384
* ALPN, server did not agree to a protocol
* Server certificate:
*  subject: CN=pay.7-eleven.com.ph
*  start date: Mar  7 01:00:20 2025 GMT
*  expire date: Apr  8 01:00:20 2026 GMT
*  subjectAltName: host "pay.7-eleven.com.ph" matched cert's "pay.7-eleven.com.ph"
*  issuer: C=US; ST=Arizona; L=Scottsdale; O=GoDaddy.com, Inc.; OU=http://certs.godaddy.com/repository/; CN=Go Daddy Secure Certificate Authority - G2
*  SSL certificate verify ok.
} [5 bytes data]
> POST /transaction/index/2717238440 HTTP/1.1
> Host: pay.7-eleven.com.ph
> Accept: */*
> Cookie: JSESSIONID=nszpfu02oh951grl601nj76nq; SERVERID=web-172-0-52
> Content-Type: application/x-www-form-urlencoded
> Origin: https://pay.7-eleven.com.ph
> Referer: https://pay.7-eleven.com.ph/transaction/show/2717238440
> User-Agent: Mozilla/5.0 (Windows NT 10.0; Win64; x64) AppleWebKit/537.36 (KHTML, like Gecko) Chrome/136.0.0.0 Safari/537.36 Edg/136.0.0.0
> Content-Length: 43
> 
} [43 bytes data]
* upload completely sent off: 43 out of 43 bytes
{ [5 bytes data]
* TLSv1.3 (IN), TLS handshake, Newsession Ticket (4):
{ [249 bytes data]
* TLSv1.3 (IN), TLS handshake, Newsession Ticket (4):
{ [249 bytes data]
* old SSL session ID is stale, removing
{ [5 bytes data]
* Mark bundle as not supporting multiuse
< HTTP/1.1 302 Found
< Location: http://pay.7-eleven.com.ph/transaction/show/2717238440
< Connection: close
< 
{ [5 bytes data]
* TLSv1.3 (IN), TLS alert, close notify (256):
{ [2 bytes data]
* Closing connection 0
} [5 bytes data]
* TLSv1.3 (OUT), TLS alert, close notify (256):
} [2 bytes data]
